
RAxML-NG v. 0.9.0 released on 20.05.2019 by The Exelixis Lab.
Developed by: Alexey M. Kozlov and Alexandros Stamatakis.
Contributors: Diego Darriba, Tomas Flouri, Benoit Morel, Sarah Lutteropp, Ben Bettisworth.
Latest version: https://github.com/amkozlov/raxml-ng
Questions/problems/suggestions? Please visit: https://groups.google.com/forum/#!forum/raxml

RAxML-NG was called at 09-Oct-2019 17:40:14 as follows:

raxml-ng --search --model /pasteur/homes/azhukova/projects/coleoptera/data/trees/raxml_CarabidaeMitogenomesPlusBarcodes.strand.partition --msa /pasteur/homes/azhukova/projects/coleoptera/data/alignments/CarabidaeMitogenomesPlusBarcodes.fasta.tmp_raxml --msa-format FASTA --data-type DNA --tree pars{1} --seed 239 --threads 12 --force

Analysis options:
  run mode: ML tree search
  start tree(s): parsimony (1)
  random seed: 239
  tip-inner: OFF
  pattern compression: ON
  per-rate scalers: OFF
  site repeats: ON
  fast spr radius: AUTO
  spr subtree cutoff: 1.000000
  branch lengths: proportional (ML estimate, algorithm: NR-FAST)
  SIMD kernels: AVX2
  parallelization: PTHREADS (12 threads), thread pinning: OFF

WARNING: Running in FORCE mode: all safety checks are disabled!

[00:00:00] Reading alignment from file: /pasteur/homes/azhukova/projects/coleoptera/data/alignments/CarabidaeMitogenomesPlusBarcodes.fasta.tmp_raxml
[00:00:00] Loaded alignment with 454 taxa and 11301 sites

Alignment comprises 4 partitions and 7649 patterns

Partition 0: forward_12
Model: GTR+FO+I+G6m+B
Alignment sites / patterns: 4648 / 2498
Gaps: 68.32 %
Invariant sites: 51.48 %

Partition 1: forward_3
Model: GTR+FO+I+G6m+B
Alignment sites / patterns: 2324 / 2306
Gaps: 68.33 %
Invariant sites: 2.37 %

Partition 2: reverse_12
Model: GTR+FO+I+G6m+B
Alignment sites / patterns: 2886 / 1461
Gaps: 76.49 %
Invariant sites: 51.56 %

Partition 3: reverse_3
Model: GTR+FO+I+G6m+B
Alignment sites / patterns: 1443 / 1384
Gaps: 76.50 %
Invariant sites: 4.71 %


NOTE: Binary MSA file created: /pasteur/homes/azhukova/projects/coleoptera/data/alignments/CarabidaeMitogenomesPlusBarcodes.fasta.tmp_raxml.raxml.rba

[00:00:00] Generating 1 parsimony starting tree(s) with 454 taxa
[00:00:01] Data distribution: max. partitions/sites/weight per thread: 2 / 638 / 15312

Starting ML tree search with 1 distinct starting trees

[00:00:02 -542716.820066] Initial branch length optimization
[00:00:04 -500868.452197] Model parameter optimization (eps = 10.000000)
[00:05:20 -446773.942846] AUTODETECT spr round 1 (radius: 5)
[00:05:57 -444561.286124] AUTODETECT spr round 2 (radius: 10)
[00:06:52 -443600.721749] AUTODETECT spr round 3 (radius: 15)
[00:08:29 -443111.644790] AUTODETECT spr round 4 (radius: 20)
[00:10:36 -442901.000955] AUTODETECT spr round 5 (radius: 25)
[00:13:02 -442881.231564] SPR radius for FAST iterations: 25 (autodetect)
[00:13:02 -442881.231564] Model parameter optimization (eps = 3.000000)
[00:14:25 -442834.410788] FAST spr round 1 (radius: 25)
[00:18:29 -442125.308264] FAST spr round 2 (radius: 25)
[00:21:30 -442048.090856] FAST spr round 3 (radius: 25)
[00:23:36 -442024.366693] FAST spr round 4 (radius: 25)
[00:25:08 -442021.255081] FAST spr round 5 (radius: 25)
[00:26:21 -442017.433645] FAST spr round 6 (radius: 25)
[00:27:27 -442016.248833] FAST spr round 7 (radius: 25)
[00:28:27 -442015.316456] FAST spr round 8 (radius: 25)
[00:29:25 -442013.948578] FAST spr round 9 (radius: 25)
[00:30:22 -442012.711997] FAST spr round 10 (radius: 25)
[00:31:18 -442011.373868] FAST spr round 11 (radius: 25)
[00:32:13 -442010.677015] FAST spr round 12 (radius: 25)
[00:33:08 -442009.327094] FAST spr round 13 (radius: 25)
[00:34:02 -442008.648836] FAST spr round 14 (radius: 25)
[00:34:57 -442007.761008] FAST spr round 15 (radius: 25)
[00:35:51 -442007.446826] FAST spr round 16 (radius: 25)
[00:36:45 -442007.201946] FAST spr round 17 (radius: 25)
[00:37:39 -442006.893894] FAST spr round 18 (radius: 25)
[00:38:34 -442006.630934] FAST spr round 19 (radius: 25)
[00:39:29 -442006.527654] FAST spr round 20 (radius: 25)
[00:40:24 -442006.391152] FAST spr round 21 (radius: 25)
[00:41:17 -442006.377850] Model parameter optimization (eps = 1.000000)
[00:41:52 -441998.801059] SLOW spr round 1 (radius: 5)
[00:43:17 -441967.891735] SLOW spr round 2 (radius: 5)
[00:44:40 -441962.571808] SLOW spr round 3 (radius: 5)
[00:46:01 -441959.393165] SLOW spr round 4 (radius: 5)
[00:47:22 -441959.008173] SLOW spr round 5 (radius: 5)
[00:48:45 -441959.004032] SLOW spr round 6 (radius: 10)
[00:50:45 -441959.001917] SLOW spr round 7 (radius: 15)
[00:55:58 -441958.589259] SLOW spr round 8 (radius: 5)
[00:57:37 -441958.581783] SLOW spr round 9 (radius: 10)
[01:00:10 -441958.579844] SLOW spr round 10 (radius: 15)
[01:05:12 -441958.578705] SLOW spr round 11 (radius: 20)
[01:12:12 -441958.577958] SLOW spr round 12 (radius: 25)
[01:18:50 -441958.577456] Model parameter optimization (eps = 0.100000)

[01:20:34] ML tree search #1, logLikelihood: -441940.367800



Final LogLikelihood: -441940.367800

AIC score: 885776.735600 / AICc score: 885950.547810 / BIC score: 892728.084479
Free parameters (model + branch lengths): 948

Best ML tree saved to: /pasteur/homes/azhukova/projects/coleoptera/data/alignments/CarabidaeMitogenomesPlusBarcodes.fasta.tmp_raxml.raxml.bestTree
Optimized model saved to: /pasteur/homes/azhukova/projects/coleoptera/data/alignments/CarabidaeMitogenomesPlusBarcodes.fasta.tmp_raxml.raxml.bestModel

Execution log saved to: /pasteur/homes/azhukova/projects/coleoptera/data/alignments/CarabidaeMitogenomesPlusBarcodes.fasta.tmp_raxml.raxml.log

Analysis started: 09-Oct-2019 17:40:14 / finished: 09-Oct-2019 19:00:49

Elapsed time: 4834.554 seconds

