
RAxML-NG v. 0.9.0 released on 20.05.2019 by The Exelixis Lab.
Developed by: Alexey M. Kozlov and Alexandros Stamatakis.
Contributors: Diego Darriba, Tomas Flouri, Benoit Morel, Sarah Lutteropp, Ben Bettisworth.
Latest version: https://github.com/amkozlov/raxml-ng
Questions/problems/suggestions? Please visit: https://groups.google.com/forum/#!forum/raxml

RAxML-NG was called at 27-Sep-2019 11:48:45 as follows:

raxml-ng --search --model /home/azhukova/atlas/projects/colioptera/data/trees/raxml_CleroideaRedoMItogenomesPlusBarcodes.strand.partition --msa /home/azhukova/atlas/projects/colioptera/data/alignments/CleroideaRedoMItogenomesPlusBarcodes.fasta.tmp_raxml --msa-format FASTA --data-type DNA --tree pars{1} --seed 239 --threads 4 --force

Analysis options:
  run mode: ML tree search
  start tree(s): parsimony (1)
  random seed: 239
  tip-inner: OFF
  pattern compression: ON
  per-rate scalers: OFF
  site repeats: ON
  fast spr radius: AUTO
  spr subtree cutoff: 1.000000
  branch lengths: proportional (ML estimate, algorithm: NR-FAST)
  SIMD kernels: AVX2
  parallelization: PTHREADS (4 threads), thread pinning: OFF

WARNING: Running in FORCE mode: all safety checks are disabled!

[00:00:00] Reading alignment from file: /home/azhukova/atlas/projects/colioptera/data/alignments/CleroideaRedoMItogenomesPlusBarcodes.fasta.tmp_raxml
[00:00:00] Loaded alignment with 452 taxa and 11229 sites

Alignment comprises 4 partitions and 7475 patterns

Partition 0: forward_12
Model: GTR+FO+I+G6m+B
Alignment sites / patterns: 4808 / 2415
Gaps: 80.44 %
Invariant sites: 54.68 %

Partition 1: forward_3
Model: GTR+FO+I+G6m+B
Alignment sites / patterns: 2404 / 2372
Gaps: 80.45 %
Invariant sites: 3.00 %

Partition 2: reverse_12
Model: GTR+FO+I+G6m+B
Alignment sites / patterns: 2678 / 1398
Gaps: 88.71 %
Invariant sites: 49.18 %

Partition 3: reverse_3
Model: GTR+FO+I+G6m+B
Alignment sites / patterns: 1339 / 1290
Gaps: 88.73 %
Invariant sites: 4.03 %


NOTE: Binary MSA file created: /home/azhukova/atlas/projects/colioptera/data/alignments/CleroideaRedoMItogenomesPlusBarcodes.fasta.tmp_raxml.raxml.rba

[00:00:00] Generating 1 parsimony starting tree(s) with 452 taxa
[00:00:02] Data distribution: max. partitions/sites/weight per thread: 2 / 1869 / 44856

Starting ML tree search with 1 distinct starting trees

[00:00:02 -341319.130738] Initial branch length optimization
[00:00:11 -316670.809384] Model parameter optimization (eps = 10.000000)

RAxML-NG v. 0.9.0 released on 20.05.2019 by The Exelixis Lab.
Developed by: Alexey M. Kozlov and Alexandros Stamatakis.
Contributors: Diego Darriba, Tomas Flouri, Benoit Morel, Sarah Lutteropp, Ben Bettisworth.
Latest version: https://github.com/amkozlov/raxml-ng
Questions/problems/suggestions? Please visit: https://groups.google.com/forum/#!forum/raxml

RAxML-NG was called at 27-Sep-2019 11:50:50 as follows:

raxml-ng --search --model /pasteur/homes/azhukova/projects/colioptera/data/trees/raxml_CleroideaRedoMItogenomesPlusBarcodes.strand.partition --msa /pasteur/homes/azhukova/projects/colioptera/data/alignments/CleroideaRedoMItogenomesPlusBarcodes.fasta.tmp_raxml --msa-format FASTA --data-type DNA --tree pars{1} --seed 239 --threads 12 --force

Analysis options:
  run mode: ML tree search
  start tree(s): parsimony (1)
  random seed: 239
  tip-inner: OFF
  pattern compression: ON
  per-rate scalers: OFF
  site repeats: ON
  fast spr radius: AUTO
  spr subtree cutoff: 1.000000
  branch lengths: proportional (ML estimate, algorithm: NR-FAST)
  SIMD kernels: AVX2
  parallelization: PTHREADS (12 threads), thread pinning: OFF

WARNING: Running in FORCE mode: all safety checks are disabled!

WARNING: The model you specified on the command line (/pasteur/homes/azhukova/projects/colioptera/data/trees/raxml_CleroideaRedoMItogenomesPlusBarcodes.strand.partition) will be ignored 
         since the binary MSA file already contains a model definition.
         If you want to change the model, please re-run RAxML-NG 
         with the original PHYLIP/FASTA alignment and --redo option.

[00:00:00] Loading binary alignment from file: /pasteur/homes/azhukova/projects/colioptera/data/alignments/CleroideaRedoMItogenomesPlusBarcodes.fasta.tmp_raxml.raxml.rba
[00:00:00] Alignment comprises 452 taxa, 4 partitions and 7475 patterns

Partition 0: forward_12
Model: GTR+FO+I+G6m+B
Alignment sites / patterns: 4808 / 2415
Gaps: 80.44 %
Invariant sites: 54.68 %

Partition 1: forward_3
Model: GTR+FO+I+G6m+B
Alignment sites / patterns: 2404 / 2372
Gaps: 80.45 %
Invariant sites: 3.00 %

Partition 2: reverse_12
Model: GTR+FO+I+G6m+B
Alignment sites / patterns: 2678 / 1398
Gaps: 88.71 %
Invariant sites: 49.18 %

Partition 3: reverse_3
Model: GTR+FO+I+G6m+B
Alignment sites / patterns: 1339 / 1290
Gaps: 88.73 %
Invariant sites: 4.03 %


[00:00:00] NOTE: Resuming execution from checkpoint (logLH: -316670.81, ML trees: 0, bootstraps: 0)
[00:00:00] Data distribution: max. partitions/sites/weight per thread: 2 / 623 / 14952

Starting ML tree search with 1 distinct starting trees

[00:00:00 -316670.809384] Model parameter optimization (eps = 10.000000)
[00:01:08 -287314.334635] AUTODETECT spr round 1 (radius: 5)

RAxML-NG v. 0.9.0 released on 20.05.2019 by The Exelixis Lab.
Developed by: Alexey M. Kozlov and Alexandros Stamatakis.
Contributors: Diego Darriba, Tomas Flouri, Benoit Morel, Sarah Lutteropp, Ben Bettisworth.
Latest version: https://github.com/amkozlov/raxml-ng
Questions/problems/suggestions? Please visit: https://groups.google.com/forum/#!forum/raxml

RAxML-NG was called at 27-Sep-2019 11:52:21 as follows:

raxml-ng --search --model /pasteur/homes/azhukova/projects/colioptera/data/trees/raxml_CleroideaRedoMItogenomesPlusBarcodes.strand.partition --msa /pasteur/homes/azhukova/projects/colioptera/data/alignments/CleroideaRedoMItogenomesPlusBarcodes.fasta.tmp_raxml --msa-format FASTA --data-type DNA --tree pars{1} --seed 239 --threads 12 --force

Analysis options:
  run mode: ML tree search
  start tree(s): parsimony (1)
  random seed: 239
  tip-inner: OFF
  pattern compression: ON
  per-rate scalers: OFF
  site repeats: ON
  fast spr radius: AUTO
  spr subtree cutoff: 1.000000
  branch lengths: proportional (ML estimate, algorithm: NR-FAST)
  SIMD kernels: AVX2
  parallelization: PTHREADS (12 threads), thread pinning: OFF

WARNING: Running in FORCE mode: all safety checks are disabled!

WARNING: The model you specified on the command line (/pasteur/homes/azhukova/projects/colioptera/data/trees/raxml_CleroideaRedoMItogenomesPlusBarcodes.strand.partition) will be ignored 
         since the binary MSA file already contains a model definition.
         If you want to change the model, please re-run RAxML-NG 
         with the original PHYLIP/FASTA alignment and --redo option.

[00:00:00] Loading binary alignment from file: /pasteur/homes/azhukova/projects/colioptera/data/alignments/CleroideaRedoMItogenomesPlusBarcodes.fasta.tmp_raxml.raxml.rba
[00:00:00] Alignment comprises 452 taxa, 4 partitions and 7475 patterns

Partition 0: forward_12
Model: GTR+FO+I+G6m+B
Alignment sites / patterns: 4808 / 2415
Gaps: 80.44 %
Invariant sites: 54.68 %

Partition 1: forward_3
Model: GTR+FO+I+G6m+B
Alignment sites / patterns: 2404 / 2372
Gaps: 80.45 %
Invariant sites: 3.00 %

Partition 2: reverse_12
Model: GTR+FO+I+G6m+B
Alignment sites / patterns: 2678 / 1398
Gaps: 88.71 %
Invariant sites: 49.18 %

Partition 3: reverse_3
Model: GTR+FO+I+G6m+B
Alignment sites / patterns: 1339 / 1290
Gaps: 88.73 %
Invariant sites: 4.03 %


[00:00:00] NOTE: Resuming execution from checkpoint (logLH: -287314.33, ML trees: 0, bootstraps: 0)
[00:00:00] Data distribution: max. partitions/sites/weight per thread: 2 / 623 / 14952

Starting ML tree search with 1 distinct starting trees

[00:00:00 -287314.334635] AUTODETECT spr round 1 (radius: 5)
[00:00:15 -286150.347707] AUTODETECT spr round 2 (radius: 10)
[00:00:44 -285714.101238] AUTODETECT spr round 3 (radius: 15)
[00:01:33 -285530.967572] AUTODETECT spr round 4 (radius: 20)
[00:02:48 -285280.044599] AUTODETECT spr round 5 (radius: 25)
[00:04:02 -285257.464910] SPR radius for FAST iterations: 25 (autodetect)
[00:04:02 -285257.464910] Model parameter optimization (eps = 3.000000)
[00:04:12 -285248.500812] FAST spr round 1 (radius: 25)
[00:06:35 -284715.215452] FAST spr round 2 (radius: 25)
[00:08:22 -284666.218931] FAST spr round 3 (radius: 25)
[00:09:36 -284624.864203] FAST spr round 4 (radius: 25)
[00:10:38 -284569.291384] FAST spr round 5 (radius: 25)
[00:11:30 -284533.972007] FAST spr round 6 (radius: 25)
[00:12:08 -284527.505814] FAST spr round 7 (radius: 25)
[00:12:48 -284526.312333] FAST spr round 8 (radius: 25)
[00:13:29 -284515.944374] FAST spr round 9 (radius: 25)
[00:14:07 -284515.695696] FAST spr round 10 (radius: 25)
[00:14:46 -284515.463825] FAST spr round 11 (radius: 25)
[00:15:26 -284515.211137] FAST spr round 12 (radius: 25)
[00:16:04 -284513.220570] FAST spr round 13 (radius: 25)
[00:16:38 -284513.038417] FAST spr round 14 (radius: 25)
[00:17:16 -284512.956812] Model parameter optimization (eps = 1.000000)
[00:17:36 -284507.257028] SLOW spr round 1 (radius: 5)
[00:18:51 -284498.423352] SLOW spr round 2 (radius: 5)
[00:19:58 -284496.994824] SLOW spr round 3 (radius: 5)
[00:21:06 -284496.991255] SLOW spr round 4 (radius: 10)
[00:22:27 -284496.144419] SLOW spr round 5 (radius: 5)
[00:23:51 -284492.455859] SLOW spr round 6 (radius: 5)
[00:25:05 -284492.454209] SLOW spr round 7 (radius: 10)
[00:26:38 -284491.848971] SLOW spr round 8 (radius: 5)
[00:28:00 -284491.844719] SLOW spr round 9 (radius: 10)
[00:29:56 -284491.844210] SLOW spr round 10 (radius: 15)
[00:34:03 -284491.844041] SLOW spr round 11 (radius: 20)
[00:39:13 -284491.843956] SLOW spr round 12 (radius: 25)
[00:43:42 -284491.843908] Model parameter optimization (eps = 0.100000)

[00:44:00] ML tree search #1, logLikelihood: -284489.355301



Final LogLikelihood: -284489.355301

AIC score: 570866.710603 / AICc score: 571040.199518 / BIC score: 577782.695320
Free parameters (model + branch lengths): 944

Best ML tree saved to: /pasteur/homes/azhukova/projects/colioptera/data/alignments/CleroideaRedoMItogenomesPlusBarcodes.fasta.tmp_raxml.raxml.bestTree
Optimized model saved to: /pasteur/homes/azhukova/projects/colioptera/data/alignments/CleroideaRedoMItogenomesPlusBarcodes.fasta.tmp_raxml.raxml.bestModel

Execution log saved to: /pasteur/homes/azhukova/projects/colioptera/data/alignments/CleroideaRedoMItogenomesPlusBarcodes.fasta.tmp_raxml.raxml.log

Analysis started: 27-Sep-2019 11:52:21 / finished: 27-Sep-2019 12:36:22

Elapsed time: 2640.753 seconds (this run) / 2721.073 seconds (total with restarts)

