
Attempting to parse dates...
	Using column 'name' as name. This needs match the taxon names in the tree!!
	Using column 'date' as date.

0.00	-TreeAnc: set-up
relaxed_clock {'slack': 1.0, 'coupling': 1.0}
relaxed_clock {'slack': 1.0, 'coupling': 1.0}

Inferred GTR model:
Substitution rate (mu): 1.0

Equilibrium frequencies (pi_i):
  A: 0.2
  C: 0.2
  G: 0.2
  T: 0.2
  -: 0.2

Symmetrized rates from j->i (W_ij):
	A	C	G	T	-
  A	0	1.25	1.25	1.25	1.25
  C	1.25	0	1.25	1.25	1.25
  G	1.25	1.25	0	1.25	1.25
  T	1.25	1.25	1.25	0	1.25
  -	1.25	1.25	1.25	1.25	0

Actual rates from j->i (Q_ij):
	A	C	G	T	-
  A	0	0.25	0.25	0.25	0.25
  C	0.25	0	0.25	0.25	0.25
  G	0.25	0.25	0	0.25	0.25
  T	0.25	0.25	0.25	0	0.25
  -	0.25	0.25	0.25	0.25	0

Root-Tip-Regression:
 --rate:	2.163e-02 +/- 4.73e-05 (one std-dev)
 --chi^2:	777741479576.43
 --r^2:  	0.04

--- saved tree as 
	 /pasteur/homes/azhukova/projects/colioptera/data/timetrees/raxml_MordellidaeMitogenomesPlusBarcodes.strand.tt/timetree.pdf

--- root-to-tip plot saved to  
	/pasteur/homes/azhukova/projects/colioptera/data/timetrees/raxml_MordellidaeMitogenomesPlusBarcodes.strand.tt/rtt.pdf
--- wrote branch specific rates to
	 /pasteur/homes/azhukova/projects/colioptera/data/timetrees/raxml_MordellidaeMitogenomesPlusBarcodes.strand.tt/substitution_rates.tsv

--- saved divergence times in 
	 /pasteur/homes/azhukova/projects/colioptera/data/timetrees/raxml_MordellidaeMitogenomesPlusBarcodes.strand.tt/dates.tsv

--- tree saved in nexus format as  
	 /pasteur/homes/azhukova/projects/colioptera/data/timetrees/raxml_MordellidaeMitogenomesPlusBarcodes.strand.tt/timetree.nexus

--- divergence tree saved in nexus format as  
	 /pasteur/homes/azhukova/projects/colioptera/data/timetrees/raxml_MordellidaeMitogenomesPlusBarcodes.strand.tt/divergence_tree.nexus

