
Attempting to parse dates...
	Using column 'name' as name. This needs match the taxon names in the tree!!
	Using column 'date' as date.

0.00	-TreeAnc: set-up
relaxed_clock {'slack': 1.0, 'coupling': 1.0}

498.92	TreeTime: The following tips don't fit the clock model, please remove them from the tree. Their dates have been reset:

498.92	GMSAP757-13_Melyridae_Melyridae_South, input date: 172.0712, apparent date: 293.04

498.92	GMSAU1126-13_Melyridae_Melyridae_South, input date: 172.0712, apparent date: 281.24

498.92	GMKMU127-15_Clerinae_Cleridae_Kenya_Laikipia_BIOUG-KENYA2, input date: 172.0712, apparent date: 63.97

498.92	GMMDJ1559-15_Cleridae_Cleridae_Madagascar_Toamasina_BIOUG-MADAGASACAR, input date: 172.0712, apparent date: 53.32

498.92	GMMDI142-15_Cleridae_Cleridae_Madagascar_Toamasina_BIOUG-MADAGASACAR, input date: 172.0712, apparent date: 70.74

498.92	GMGAK002-17_Cleridae_Cleridae_Gabon_Moyen-Ogooue_, input date: 172.0712, apparent date: 347.29

Inferred GTR model:
Substitution rate (mu): 1.0

Equilibrium frequencies (pi_i):
  A: 0.2
  C: 0.2
  G: 0.2
  T: 0.2
  -: 0.2

Symmetrized rates from j->i (W_ij):
	A	C	G	T	-
  A	0	1.25	1.25	1.25	1.25
  C	1.25	0	1.25	1.25	1.25
  G	1.25	1.25	0	1.25	1.25
  T	1.25	1.25	1.25	0	1.25
  -	1.25	1.25	1.25	1.25	0

Actual rates from j->i (Q_ij):
	A	C	G	T	-
  A	0	0.25	0.25	0.25	0.25
  C	0.25	0	0.25	0.25	0.25
  G	0.25	0.25	0	0.25	0.25
  T	0.25	0.25	0.25	0	0.25
  -	0.25	0.25	0.25	0.25	0

Root-Tip-Regression:
 --rate:	5.291e-03 +/- 1.70e-05 (one std-dev)
 --chi^2:	19860588052.69
 --r^2:  	0.06

--- saved tree as 
	 /pasteur/homes/azhukova/projects/colioptera/data/timetrees/raxml_CleroideaRedoMItogenomesPlusBarcodes.strand.tt/timetree.pdf

--- root-to-tip plot saved to  
	/pasteur/homes/azhukova/projects/colioptera/data/timetrees/raxml_CleroideaRedoMItogenomesPlusBarcodes.strand.tt/rtt.pdf
--- wrote branch specific rates to
	 /pasteur/homes/azhukova/projects/colioptera/data/timetrees/raxml_CleroideaRedoMItogenomesPlusBarcodes.strand.tt/substitution_rates.tsv

--- saved divergence times in 
	 /pasteur/homes/azhukova/projects/colioptera/data/timetrees/raxml_CleroideaRedoMItogenomesPlusBarcodes.strand.tt/dates.tsv

--- tree saved in nexus format as  
	 /pasteur/homes/azhukova/projects/colioptera/data/timetrees/raxml_CleroideaRedoMItogenomesPlusBarcodes.strand.tt/timetree.nexus

--- divergence tree saved in nexus format as  
	 /pasteur/homes/azhukova/projects/colioptera/data/timetrees/raxml_CleroideaRedoMItogenomesPlusBarcodes.strand.tt/divergence_tree.nexus

