
RAxML-NG v. 0.9.0 released on 20.05.2019 by The Exelixis Lab.
Developed by: Alexey M. Kozlov and Alexandros Stamatakis.
Contributors: Diego Darriba, Tomas Flouri, Benoit Morel, Sarah Lutteropp, Ben Bettisworth.
Latest version: https://github.com/amkozlov/raxml-ng
Questions/problems/suggestions? Please visit: https://groups.google.com/forum/#!forum/raxml

RAxML-NG was called at 09-Oct-2019 17:40:17 as follows:

raxml-ng --search --model /pasteur/homes/azhukova/projects/coleoptera/data/trees/raxml_CoccinellidaeMitogenomesPlusBarcodes.strand.partition --msa /pasteur/homes/azhukova/projects/coleoptera/data/alignments/CoccinellidaeMitogenomesPlusBarcodes.fasta.tmp_raxml --msa-format FASTA --data-type DNA --tree pars{1} --seed 239 --threads 12 --force

Analysis options:
  run mode: ML tree search
  start tree(s): parsimony (1)
  random seed: 239
  tip-inner: OFF
  pattern compression: ON
  per-rate scalers: OFF
  site repeats: ON
  fast spr radius: AUTO
  spr subtree cutoff: 1.000000
  branch lengths: proportional (ML estimate, algorithm: NR-FAST)
  SIMD kernels: AVX2
  parallelization: PTHREADS (12 threads), thread pinning: OFF

WARNING: Running in FORCE mode: all safety checks are disabled!

[00:00:00] Reading alignment from file: /pasteur/homes/azhukova/projects/coleoptera/data/alignments/CoccinellidaeMitogenomesPlusBarcodes.fasta.tmp_raxml
[00:00:00] Loaded alignment with 727 taxa and 11253 sites

Alignment comprises 4 partitions and 8481 patterns

Partition 0: forward_12
Model: GTR+FO+I+G6m+B
Alignment sites / patterns: 4636 / 2911
Gaps: 82.30 %
Invariant sites: 41.74 %

Partition 1: forward_3
Model: GTR+FO+I+G6m+B
Alignment sites / patterns: 2318 / 2313
Gaps: 82.31 %
Invariant sites: 1.64 %

Partition 2: reverse_12
Model: GTR+FO+I+G6m+B
Alignment sites / patterns: 2866 / 1837
Gaps: 90.69 %
Invariant sites: 36.81 %

Partition 3: reverse_3
Model: GTR+FO+I+G6m+B
Alignment sites / patterns: 1433 / 1420
Gaps: 90.69 %
Invariant sites: 1.19 %


NOTE: Binary MSA file already exists: /pasteur/homes/azhukova/projects/coleoptera/data/alignments/CoccinellidaeMitogenomesPlusBarcodes.fasta.tmp_raxml.raxml.rba

[00:00:00] Generating 1 parsimony starting tree(s) with 727 taxa
[00:00:04] Data distribution: max. partitions/sites/weight per thread: 2 / 707 / 16968

Starting ML tree search with 1 distinct starting trees

[00:00:04 -562142.643962] Initial branch length optimization
[00:00:09 -525701.635749] Model parameter optimization (eps = 10.000000)
[00:06:34 -472193.894182] AUTODETECT spr round 1 (radius: 5)
[00:07:43 -470467.231941] AUTODETECT spr round 2 (radius: 10)
[00:09:32 -468603.252122] AUTODETECT spr round 3 (radius: 15)
[00:12:40 -468274.519758] AUTODETECT spr round 4 (radius: 20)
[00:17:15 -468236.934427] AUTODETECT spr round 5 (radius: 25)
[00:22:00 -468232.013832] SPR radius for FAST iterations: 25 (autodetect)
[00:22:00 -468232.013832] Model parameter optimization (eps = 3.000000)
[00:22:59 -468207.399693] FAST spr round 1 (radius: 25)
[00:31:54 -467621.857182] FAST spr round 2 (radius: 25)
[00:38:52 -467560.318825] FAST spr round 3 (radius: 25)
[00:43:40 -467547.834354] FAST spr round 4 (radius: 25)
[00:46:46 -467544.380741] FAST spr round 5 (radius: 25)
[00:49:03 -467544.377032] Model parameter optimization (eps = 1.000000)
[00:49:39 -467537.961383] SLOW spr round 1 (radius: 5)
[00:52:19 -467491.595110] SLOW spr round 2 (radius: 5)
[00:54:50 -467486.980190] SLOW spr round 3 (radius: 5)
[00:57:12 -467485.736024] SLOW spr round 4 (radius: 5)
[00:59:28 -467485.733752] SLOW spr round 5 (radius: 10)
[01:02:20 -467481.095406] SLOW spr round 6 (radius: 5)
[01:05:13 -467474.937614] SLOW spr round 7 (radius: 5)
[01:07:50 -467473.912039] SLOW spr round 8 (radius: 5)
[01:10:17 -467473.904071] SLOW spr round 9 (radius: 10)
[01:13:19 -467469.607315] SLOW spr round 10 (radius: 5)
[01:16:13 -467466.969747] SLOW spr round 11 (radius: 5)
[01:18:47 -467466.772733] SLOW spr round 12 (radius: 5)
[01:21:12 -467466.770965] SLOW spr round 13 (radius: 10)
[01:24:15 -467465.457319] SLOW spr round 14 (radius: 5)
[01:27:10 -467457.410951] SLOW spr round 15 (radius: 5)
[01:29:47 -467456.107788] SLOW spr round 16 (radius: 5)
[01:32:10 -467456.107356] SLOW spr round 17 (radius: 10)
[01:35:06 -467455.623945] SLOW spr round 18 (radius: 5)
[01:37:53 -467455.620893] SLOW spr round 19 (radius: 10)
[01:41:51 -467455.619064] SLOW spr round 20 (radius: 15)
[01:51:22 -467454.072395] SLOW spr round 21 (radius: 5)
[01:54:24 -467450.834170] SLOW spr round 22 (radius: 5)
[01:57:02 -467449.283551] SLOW spr round 23 (radius: 5)
[01:59:26 -467449.216781] SLOW spr round 24 (radius: 10)
[02:02:24 -467449.216035] SLOW spr round 25 (radius: 15)
[02:13:37 -467449.215853] SLOW spr round 26 (radius: 20)
[02:29:33 -467449.215807] SLOW spr round 27 (radius: 25)
[02:44:10 -467449.215794] Model parameter optimization (eps = 0.100000)

[02:45:32] ML tree search #1, logLikelihood: -467444.550843



Final LogLikelihood: -467444.550843

AIC score: 937877.101687 / AICc score: 938334.886069 / BIC score: 948825.716405
Free parameters (model + branch lengths): 1494

Best ML tree saved to: /pasteur/homes/azhukova/projects/coleoptera/data/alignments/CoccinellidaeMitogenomesPlusBarcodes.fasta.tmp_raxml.raxml.bestTree
Optimized model saved to: /pasteur/homes/azhukova/projects/coleoptera/data/alignments/CoccinellidaeMitogenomesPlusBarcodes.fasta.tmp_raxml.raxml.bestModel

Execution log saved to: /pasteur/homes/azhukova/projects/coleoptera/data/alignments/CoccinellidaeMitogenomesPlusBarcodes.fasta.tmp_raxml.raxml.log

Analysis started: 09-Oct-2019 17:40:17 / finished: 09-Oct-2019 20:25:49

Elapsed time: 9932.410 seconds

