
RAxML-NG v. 0.9.0 released on 20.05.2019 by The Exelixis Lab.
Developed by: Alexey M. Kozlov and Alexandros Stamatakis.
Contributors: Diego Darriba, Tomas Flouri, Benoit Morel, Sarah Lutteropp, Ben Bettisworth.
Latest version: https://github.com/amkozlov/raxml-ng
Questions/problems/suggestions? Please visit: https://groups.google.com/forum/#!forum/raxml

RAxML-NG was called at 09-Oct-2019 17:40:14 as follows:

raxml-ng --search --model /pasteur/homes/azhukova/projects/coleoptera/data/trees/raxml_AnthribidaeMitogenomesPlusBarcodes.strand.partition --msa /pasteur/homes/azhukova/projects/coleoptera/data/alignments/AnthribidaeMitogenomesPlusBarcodes.fasta.tmp_raxml --msa-format FASTA --data-type DNA --tree pars{1} --seed 239 --threads 12 --force

Analysis options:
  run mode: ML tree search
  start tree(s): parsimony (1)
  random seed: 239
  tip-inner: OFF
  pattern compression: ON
  per-rate scalers: OFF
  site repeats: ON
  fast spr radius: AUTO
  spr subtree cutoff: 1.000000
  branch lengths: proportional (ML estimate, algorithm: NR-FAST)
  SIMD kernels: AVX2
  parallelization: PTHREADS (12 threads), thread pinning: OFF

WARNING: Running in FORCE mode: all safety checks are disabled!

[00:00:00] Reading alignment from file: /pasteur/homes/azhukova/projects/coleoptera/data/alignments/AnthribidaeMitogenomesPlusBarcodes.fasta.tmp_raxml
[00:00:00] Loaded alignment with 380 taxa and 11283 sites

Alignment comprises 4 partitions and 7833 patterns

Partition 0: forward_12
Model: GTR+FO+I+G6m+B
Alignment sites / patterns: 4648 / 2521
Gaps: 84.19 %
Invariant sites: 49.05 %

Partition 1: forward_3
Model: GTR+FO+I+G6m+B
Alignment sites / patterns: 2324 / 2271
Gaps: 84.19 %
Invariant sites: 2.84 %

Partition 2: reverse_12
Model: GTR+FO+I+G6m+B
Alignment sites / patterns: 2874 / 1671
Gaps: 91.96 %
Invariant sites: 41.68 %

Partition 3: reverse_3
Model: GTR+FO+I+G6m+B
Alignment sites / patterns: 1437 / 1370
Gaps: 91.96 %
Invariant sites: 5.08 %


NOTE: Binary MSA file created: /pasteur/homes/azhukova/projects/coleoptera/data/alignments/AnthribidaeMitogenomesPlusBarcodes.fasta.tmp_raxml.raxml.rba

[00:00:00] Generating 1 parsimony starting tree(s) with 380 taxa
[00:00:01] Data distribution: max. partitions/sites/weight per thread: 2 / 653 / 15672

Starting ML tree search with 1 distinct starting trees

[00:00:01 -305973.362441] Initial branch length optimization
[00:00:03 -285649.240887] Model parameter optimization (eps = 10.000000)
[00:01:51 -259350.939577] AUTODETECT spr round 1 (radius: 5)
[00:02:09 -258298.000497] AUTODETECT spr round 2 (radius: 10)
[00:02:42 -257777.088346] AUTODETECT spr round 3 (radius: 15)
[00:03:37 -257540.909685] AUTODETECT spr round 4 (radius: 20)
[00:04:39 -257324.048052] AUTODETECT spr round 5 (radius: 25)
[00:05:30 -257314.644599] SPR radius for FAST iterations: 25 (autodetect)
[00:05:30 -257314.644599] Model parameter optimization (eps = 3.000000)
[00:05:53 -257282.629773] FAST spr round 1 (radius: 25)
[00:08:27 -256674.370453] FAST spr round 2 (radius: 25)
[00:10:18 -256620.106484] FAST spr round 3 (radius: 25)
[00:11:34 -256591.600576] FAST spr round 4 (radius: 25)
[00:12:29 -256573.621827] FAST spr round 5 (radius: 25)
[00:13:10 -256572.211824] FAST spr round 6 (radius: 25)
[00:13:46 -256570.825420] FAST spr round 7 (radius: 25)
[00:14:18 -256569.710261] FAST spr round 8 (radius: 25)
[00:14:50 -256569.462965] FAST spr round 9 (radius: 25)
[00:15:21 -256569.220572] FAST spr round 10 (radius: 25)
[00:15:52 -256568.851698] FAST spr round 11 (radius: 25)
[00:16:23 -256568.621883] FAST spr round 12 (radius: 25)
[00:16:53 -256568.521092] FAST spr round 13 (radius: 25)
[00:17:24 -256568.427962] Model parameter optimization (eps = 1.000000)
[00:17:50 -256551.490039] SLOW spr round 1 (radius: 5)
[00:18:57 -256521.363669] SLOW spr round 2 (radius: 5)
[00:19:53 -256511.039244] SLOW spr round 3 (radius: 5)
[00:20:46 -256505.897535] SLOW spr round 4 (radius: 5)
[00:21:42 -256505.892989] SLOW spr round 5 (radius: 10)
[00:22:40 -256496.509730] SLOW spr round 6 (radius: 5)
[00:23:49 -256494.950855] SLOW spr round 7 (radius: 5)
[00:24:49 -256494.825885] SLOW spr round 8 (radius: 5)
[00:25:41 -256494.824145] SLOW spr round 9 (radius: 10)
[00:26:40 -256494.310965] SLOW spr round 10 (radius: 5)
[00:27:50 -256493.381257] SLOW spr round 11 (radius: 5)
[00:28:48 -256493.378752] SLOW spr round 12 (radius: 10)
[00:29:52 -256493.193186] SLOW spr round 13 (radius: 5)
[00:30:59 -256493.011788] SLOW spr round 14 (radius: 5)
[00:31:56 -256493.008712] SLOW spr round 15 (radius: 10)
[00:32:59 -256493.007236] SLOW spr round 16 (radius: 15)
[00:36:48 -256492.733836] SLOW spr round 17 (radius: 5)
[00:37:54 -256492.651198] SLOW spr round 18 (radius: 10)
[00:39:18 -256492.649137] SLOW spr round 19 (radius: 15)
[00:42:29 -256492.648267] SLOW spr round 20 (radius: 20)
[00:47:15 -256492.647762] SLOW spr round 21 (radius: 25)
[00:50:35 -256492.647457] Model parameter optimization (eps = 0.100000)

[00:50:55] ML tree search #1, logLikelihood: -256490.271819



Final LogLikelihood: -256490.271819

AIC score: 514580.543637 / AICc score: 514702.810380 / BIC score: 520445.385595
Free parameters (model + branch lengths): 800

Best ML tree saved to: /pasteur/homes/azhukova/projects/coleoptera/data/alignments/AnthribidaeMitogenomesPlusBarcodes.fasta.tmp_raxml.raxml.bestTree
Optimized model saved to: /pasteur/homes/azhukova/projects/coleoptera/data/alignments/AnthribidaeMitogenomesPlusBarcodes.fasta.tmp_raxml.raxml.bestModel

Execution log saved to: /pasteur/homes/azhukova/projects/coleoptera/data/alignments/AnthribidaeMitogenomesPlusBarcodes.fasta.tmp_raxml.raxml.log

Analysis started: 09-Oct-2019 17:40:14 / finished: 09-Oct-2019 18:31:10

Elapsed time: 3055.187 seconds

