
Attempting to parse dates...
	Using column 'name' as name. This needs match the taxon names in the tree!!
	Using column 'date' as date.

0.00	-TreeAnc: set-up
relaxed_clock {'slack': 1.0, 'coupling': 1.0}

472.06	TreeTime: The following tips don't fit the clock model, please remove them from the tree. Their dates have been reset:

472.06	GMMDD035-15_Paussus_Carabidae_Madagascar_Toamasina_BIOUG-MADAGASACAR, input date: 165.27, apparent date: 958.73

472.06	MAMTP1864-13_Paussus_Carabidae_Pakistan_Islamabad_BIOUG-RAWAL, input date: 165.27, apparent date: 911.30

472.06	GMGGM703-17_Carabidae_Carabidae_Gabon_Moyen-Ogooue_, input date: 165.27, apparent date: 1084.94

472.06	MAMTO305-13_Paussus_Carabidae_Pakistan_Islamabad_BIOUG-RAWAL, input date: 165.27, apparent date: 928.94

472.06	MAMTP1854-13_Paussus_Carabidae_Pakistan_Islamabad_BIOUG-RAWAL, input date: 165.27, apparent date: 927.88

472.06	SF_YPT_PNA_Adult_752_G10_1426704_Carabidae, input date: 165.27, apparent date: 314.21

Inferred GTR model:
Substitution rate (mu): 1.0

Equilibrium frequencies (pi_i):
  A: 0.2
  C: 0.2
  G: 0.2
  T: 0.2
  -: 0.2

Symmetrized rates from j->i (W_ij):
	A	C	G	T	-
  A	0	1.25	1.25	1.25	1.25
  C	1.25	0	1.25	1.25	1.25
  G	1.25	1.25	0	1.25	1.25
  T	1.25	1.25	1.25	0	1.25
  -	1.25	1.25	1.25	1.25	0

Actual rates from j->i (Q_ij):
	A	C	G	T	-
  A	0	0.25	0.25	0.25	0.25
  C	0.25	0	0.25	0.25	0.25
  G	0.25	0.25	0	0.25	0.25
  T	0.25	0.25	0.25	0	0.25
  -	0.25	0.25	0.25	0.25	0

Root-Tip-Regression:
 --rate:	1.144e-02 +/- 2.94e-05 (one std-dev)
 --chi^2:	481653460664.74
 --r^2:  	0.04

--- saved tree as 
	 /pasteur/homes/azhukova/projects/coleoptera/data/timetrees/raxml_CarabidaeMitogenomesPlusBarcodes.strand.tt/timetree.pdf

--- root-to-tip plot saved to  
	/pasteur/homes/azhukova/projects/coleoptera/data/timetrees/raxml_CarabidaeMitogenomesPlusBarcodes.strand.tt/rtt.pdf
--- wrote branch specific rates to
	 /pasteur/homes/azhukova/projects/coleoptera/data/timetrees/raxml_CarabidaeMitogenomesPlusBarcodes.strand.tt/substitution_rates.tsv

--- saved divergence times in 
	 /pasteur/homes/azhukova/projects/coleoptera/data/timetrees/raxml_CarabidaeMitogenomesPlusBarcodes.strand.tt/dates.tsv

--- tree saved in nexus format as  
	 /pasteur/homes/azhukova/projects/coleoptera/data/timetrees/raxml_CarabidaeMitogenomesPlusBarcodes.strand.tt/timetree.nexus

--- divergence tree saved in nexus format as  
	 /pasteur/homes/azhukova/projects/coleoptera/data/timetrees/raxml_CarabidaeMitogenomesPlusBarcodes.strand.tt/divergence_tree.nexus

